<?xml version="1.0" encoding="UTF-8"?>
<!-- Generated by org.testng.reporters.JUnitReportReporter -->
<testsuite hostname="Santhosh-Automation" failures="0" tests="3" name="Execution.Execute_Add_Supplier_info" time="39.830" errors="0" timestamp="2023-01-20T08:19:48 IST" skipped="0">
  <testcase classname="Execution.Execute_Add_Supplier_info" name="Login_The_Application" time="0.476"/>
  <system-out/>
  <testcase classname="Execution.Execute_Add_Supplier_info" name="Switch_To_Supplier_Add_Layout" time="16.228"/>
  <system-out/>
  <testcase classname="Execution.Execute_Add_Supplier_info" name="Add_Supplier_info" time="23.126"/>
  <system-out/>
</testsuite> <!-- Execution.Execute_Add_Supplier_info -->
