<?xml version="1.0" encoding="UTF-8"?>
<!-- Generated by org.testng.reporters.JUnitReportReporter -->
<testsuite hostname="Santhosh-Automation" failures="0" tests="5" name="Add_Supplier_Scenario.Execution" time="63.704" errors="0" timestamp="2023-01-17T11:54:00 IST" skipped="0">
  <testcase classname="Add_Supplier_Scenario.Execution" name="Login_The_Application" time="0.568"/>
  <system-out/>
  <testcase classname="Add_Supplier_Scenario.Execution" name="Click_The_ContactBtn" time="30.146"/>
  <system-out/>
  <testcase classname="Add_Supplier_Scenario.Execution" name="Switch_To_Supplier_Add_Layout" time="15.538"/>
  <system-out/>
  <testcase classname="Add_Supplier_Scenario.Execution" name="Add_Supplier_info" time="3.545"/>
  <system-out/>
  <testcase classname="Add_Supplier_Scenario.Execution" name="Add_Customer_info" time="13.907"/>
  <system-out/>
</testsuite> <!-- Add_Supplier_Scenario.Execution -->
