<?xml version="1.0" encoding="UTF-8"?>
<!-- Generated by org.testng.reporters.JUnitReportReporter -->
<testsuite hostname="Santhosh-Automation" failures="0" tests="3" name="Execution.Execute_View_Modification_Modules" time="55.315" errors="0" timestamp="2023-01-19T12:26:33 IST" skipped="0">
  <testcase classname="Execution.Execute_View_Modification_Modules" name="Login_The_Application" time="12.650"/>
  <system-out/>
  <testcase classname="Execution.Execute_View_Modification_Modules" name="View_modification_Drobdown" time="21.422"/>
  <system-out/>
  <testcase classname="Execution.Execute_View_Modification_Modules" name="Add_View_Page_Check" time="21.243"/>
  <system-out/>
</testsuite> <!-- Execution.Execute_View_Modification_Modules -->
