<?xml version="1.0" encoding="UTF-8"?>
<!-- Generated by org.testng.reporters.JUnitReportReporter -->
<testsuite hostname="Santhosh-Automation" failures="0" tests="2" name="Execution.Execute_Customer_info" time="43.073" errors="0" timestamp="2023-02-03T12:05:35 IST" skipped="0">
  <testcase classname="Execution.Execute_Customer_info" name="Login_The_Application" time="0.480"/>
  <system-out/>
  <testcase classname="Execution.Execute_Customer_info" name="Add_Customer_info" time="42.593"/>
  <system-out/>
</testsuite> <!-- Execution.Execute_Customer_info -->
